0 info it worked if it ends with ok
1 verbose cli [ 'C:\\Program Files\\nodejs\\node.exe',
1 verbose cli   'C:\\Program Files\\nodejs\\node_modules\\npm\\bin\\npm-cli.js',
1 verbose cli   'install',
1 verbose cli   'load-grunt-task' ]
2 info using npm@2.15.1
3 info using node@v4.4.4
4 verbose install initial load of C:\Users\Технокомплект - Киев\cosmolady.github.io\js22-2\package.json
5 warn package.json my-project@1.0.0 No description
6 warn package.json my-project@1.0.0 No repository field.
7 warn package.json my-project@1.0.0 No README data
8 warn package.json my-project@1.0.0 No license field.
9 verbose installManyTop reading scoped package data from C:\Users\Технокомплект - Киев\cosmolady.github.io\js22-2\node_modules\babel-cli\package.json
10 verbose installManyTop reading scoped package data from C:\Users\Технокомплект - Киев\cosmolady.github.io\js22-2\node_modules\grunt\package.json
11 verbose readDependencies loading dependencies from C:\Users\Технокомплект - Киев\cosmolady.github.io\js22-2\package.json
12 silly cache add args [ 'load-grunt-task', null ]
13 verbose cache add spec load-grunt-task
14 silly cache add parsed spec Result {
14 silly cache add   raw: 'load-grunt-task',
14 silly cache add   scope: null,
14 silly cache add   name: 'load-grunt-task',
14 silly cache add   rawSpec: '',
14 silly cache add   spec: 'latest',
14 silly cache add   type: 'tag' }
15 silly addNamed load-grunt-task@latest
16 verbose addNamed "latest" is being treated as a dist-tag for load-grunt-task
17 info addNameTag [ 'load-grunt-task', 'latest' ]
18 silly mapToRegistry name load-grunt-task
19 silly mapToRegistry using default registry
20 silly mapToRegistry registry https://registry.npmjs.org/
21 silly mapToRegistry data Result {
21 silly mapToRegistry   raw: 'load-grunt-task',
21 silly mapToRegistry   scope: null,
21 silly mapToRegistry   name: 'load-grunt-task',
21 silly mapToRegistry   rawSpec: '',
21 silly mapToRegistry   spec: 'latest',
21 silly mapToRegistry   type: 'tag' }
22 silly mapToRegistry uri https://registry.npmjs.org/load-grunt-task
23 verbose addNameTag registry:https://registry.npmjs.org/load-grunt-task not in flight; fetching
24 verbose request uri https://registry.npmjs.org/load-grunt-task
25 verbose request no auth needed
26 info attempt registry request try #1 at 12:29:59
27 verbose request id 4f5f1cdbce8d74ef
28 http request GET https://registry.npmjs.org/load-grunt-task
29 http 404 https://registry.npmjs.org/load-grunt-task
30 verbose headers { 'content-type': 'application/json',
30 verbose headers   'cache-control': 'max-age=0',
30 verbose headers   'content-length': '2',
30 verbose headers   'accept-ranges': 'bytes',
30 verbose headers   date: 'Fri, 27 May 2016 09:30:02 GMT',
30 verbose headers   via: '1.1 varnish',
30 verbose headers   age: '0',
30 verbose headers   connection: 'keep-alive',
30 verbose headers   'x-served-by': 'cache-fra1228-FRA',
30 verbose headers   'x-cache': 'MISS',
30 verbose headers   'x-cache-hits': '0',
30 verbose headers   'x-timer': 'S1464341401.877323,VS0,VE761',
30 verbose headers   vary: 'Accept-Encoding' }
31 silly get cb [ 404,
31 silly get   { 'content-type': 'application/json',
31 silly get     'cache-control': 'max-age=0',
31 silly get     'content-length': '2',
31 silly get     'accept-ranges': 'bytes',
31 silly get     date: 'Fri, 27 May 2016 09:30:02 GMT',
31 silly get     via: '1.1 varnish',
31 silly get     age: '0',
31 silly get     connection: 'keep-alive',
31 silly get     'x-served-by': 'cache-fra1228-FRA',
31 silly get     'x-cache': 'MISS',
31 silly get     'x-cache-hits': '0',
31 silly get     'x-timer': 'S1464341401.877323,VS0,VE761',
31 silly get     vary: 'Accept-Encoding' } ]
32 verbose stack Error: Registry returned 404 for GET on https://registry.npmjs.org/load-grunt-task
32 verbose stack     at makeError (C:\Program Files\nodejs\node_modules\npm\node_modules\npm-registry-client\lib\request.js:264:12)
32 verbose stack     at CachingRegistryClient.<anonymous> (C:\Program Files\nodejs\node_modules\npm\node_modules\npm-registry-client\lib\request.js:242:14)
32 verbose stack     at Request._callback (C:\Program Files\nodejs\node_modules\npm\node_modules\npm-registry-client\lib\request.js:172:14)
32 verbose stack     at Request.self.callback (C:\Program Files\nodejs\node_modules\npm\node_modules\request\request.js:199:22)
32 verbose stack     at emitTwo (events.js:87:13)
32 verbose stack     at Request.emit (events.js:172:7)
32 verbose stack     at Request.<anonymous> (C:\Program Files\nodejs\node_modules\npm\node_modules\request\request.js:1036:10)
32 verbose stack     at emitOne (events.js:82:20)
32 verbose stack     at Request.emit (events.js:169:7)
32 verbose stack     at IncomingMessage.<anonymous> (C:\Program Files\nodejs\node_modules\npm\node_modules\request\request.js:963:12)
33 verbose statusCode 404
34 verbose pkgid load-grunt-task
35 verbose cwd C:\Users\Технокомплект - Киев\cosmolady.github.io\js22-2
36 error Windows_NT 6.1.7601
37 error argv "C:\\Program Files\\nodejs\\node.exe" "C:\\Program Files\\nodejs\\node_modules\\npm\\bin\\npm-cli.js" "install" "load-grunt-task"
38 error node v4.4.4
39 error npm  v2.15.1
40 error code E404
41 error 404 Registry returned 404 for GET on https://registry.npmjs.org/load-grunt-task
41 error 404
41 error 404 'load-grunt-task' is not in the npm registry.
41 error 404 You should bug the author to publish it (or use the name yourself!)
41 error 404 It was specified as a dependency of 'my-project'
41 error 404
41 error 404 Note that you can also install from a
41 error 404 tarball, folder, http url, or git url.
42 verbose exit [ 1, true ]
